Arguments: 
  /home/cleopatra/.nvm/versions/node/v20.9.0/bin/node /home/cleopatra/.yarn/bin/yarn.js init

PATH: 
  /home/cleopatra/.yarn/bin:/home/cleopatra/.config/yarn/global/node_modules/.bin:/home/cleopatra/.yarn/bin:/home/cleopatra/.config/yarn/global/node_modules/.bin:/home/cleopatra/.nvm/versions/node/v20.9.0/bin:/usr/local/sbin:/usr/local/bin:/usr/sbin:/usr/bin:/sbin:/bin:/usr/games:/usr/local/games:/snap/bin:/snap/bin:/home/cleopatra/.local/share/JetBrains/Toolbox/scripts:/home/cleopatra/.yarn/bin

Yarn version: 
  1.22.19

Node version: 
  20.9.0

Platform: 
  linux x64

Trace: 
  Error: canceled
      at Interface.<anonymous> (/home/cleopatra/.yarn/lib/cli.js:137150:13)
      at Interface.emit (node:events:514:28)
      at [_ttyWrite] [as _ttyWrite] (node:internal/readline/interface:1125:18)
      at ReadStream.onkeypress (node:internal/readline/interface:264:20)
      at ReadStream.emit (node:events:514:28)
      at emitKeys (node:internal/readline/utils:371:14)
      at emitKeys.next (<anonymous>)
      at ReadStream.onData (node:internal/readline/emitKeypressEvents:64:36)
      at ReadStream.emit (node:events:514:28)
      at addChunk (node:internal/streams/readable:376:12)

npm manifest: 
  No manifest

yarn manifest: 
  No manifest

Lockfile: 
  No lockfile
